<?xml version="1.0" encoding="utf-8"?><testsuites><testsuite name="pytest" errors="0" failures="0" skipped="0" tests="7" time="14.575" timestamp="2022-12-22T16:04:14.508117" hostname="oritb"><testcase classname="test_reverse_str.TestReverseApi" name="test_reverse_sainty[0]" time="4.293" /><testcase classname="test_reverse_str.TestReverseApi" name="test_reverse_sainty[1]" time="0.019" /><testcase classname="test_reverse_str.TestReverseApi" name="test_reverse_sainty[2]" time="0.007" /><testcase classname="test_reverse_str.TestReverseApi" name="test_reverse_sainty[3]" time="0.005" /><testcase classname="test_reverse_str.TestReverseApi" name="test_reverse_sainty[4]" time="0.008" /><testcase classname="test_reverse_str.TestReverseApi" name="test_reverse_negative" time="0.006" /><testcase classname="test_reverse_str.TestReverseApi" name="test_restore" time="10.207" /></testsuite></testsuites>