<?xml version="1.0" encoding="utf-8"?><testsuites><testsuite name="pytest" errors="0" failures="0" skipped="0" tests="7" time="14.620" timestamp="2022-12-22T17:02:59.082615" hostname="oritb"><testcase classname="test_reverse_str.TestReverseApi" name="test_reverse_sanity[0]" time="4.390" /><testcase classname="test_reverse_str.TestReverseApi" name="test_reverse_sanity[1]" time="0.012" /><testcase classname="test_reverse_str.TestReverseApi" name="test_reverse_sanity[2]" time="0.006" /><testcase classname="test_reverse_str.TestReverseApi" name="test_reverse_sanity[3]" time="0.006" /><testcase classname="test_reverse_str.TestReverseApi" name="test_reverse_sanity[4]" time="0.004" /><testcase classname="test_reverse_str.TestReverseApi" name="test_reverse_negative" time="0.004" /><testcase classname="test_reverse_str.TestReverseApi" name="test_restore" time="10.176" /></testsuite></testsuites>